Determining if the pthread_create exist failed with the following output:
Change Dir: /home/robot/test_ws/build/CMakeFiles/CMakeTmp

Run Build Command:"/usr/bin/make" "cmTC_c3d3f/fast"
/usr/bin/make -f CMakeFiles/cmTC_c3d3f.dir/build.make CMakeFiles/cmTC_c3d3f.dir/build
make[1]: 进入目录“/home/robot/test_ws/build/CMakeFiles/CMakeTmp”
Building C object CMakeFiles/cmTC_c3d3f.dir/CheckSymbolExists.c.o
/usr/bin/cc    -o CMakeFiles/cmTC_c3d3f.dir/CheckSymbolExists.c.o   -c /home/robot/test_ws/build/CMakeFiles/CMakeTmp/CheckSymbolExists.c
Linking C executable cmTC_c3d3f
/usr/bin/cmake -E cmake_link_script CMakeFiles/cmTC_c3d3f.dir/link.txt --verbose=1
/usr/bin/cc      -rdynamic CMakeFiles/cmTC_c3d3f.dir/CheckSymbolExists.c.o  -o cmTC_c3d3f 
/usr/bin/ld: CMakeFiles/cmTC_c3d3f.dir/CheckSymbolExists.c.o: in function `main':
CheckSymbolExists.c:(.text+0x1f): undefined reference to `pthread_create'
collect2: error: ld returned 1 exit status
CMakeFiles/cmTC_c3d3f.dir/build.make:97: recipe for target 'cmTC_c3d3f' failed
make[1]: *** [cmTC_c3d3f] Error 1
make[1]: 离开目录“/home/robot/test_ws/build/CMakeFiles/CMakeTmp”
Makefile:126: recipe for target 'cmTC_c3d3f/fast' failed
make: *** [cmTC_c3d3f/fast] Error 2

File /home/robot/test_ws/build/CMakeFiles/CMakeTmp/CheckSymbolExists.c:
/* */
#include <pthread.h>

int main(int argc, char** argv)
{
  (void)argv;
#ifndef pthread_create
  return ((int*)(&pthread_create))[argc];
#else
  (void)argc;
  return 0;
#endif
}

Determining if the function pthread_create exists in the pthreads failed with the following output:
Change Dir: /home/robot/test_ws/build/CMakeFiles/CMakeTmp

Run Build Command:"/usr/bin/make" "cmTC_2f798/fast"
/usr/bin/make -f CMakeFiles/cmTC_2f798.dir/build.make CMakeFiles/cmTC_2f798.dir/build
make[1]: 进入目录“/home/robot/test_ws/build/CMakeFiles/CMakeTmp”
Building C object CMakeFiles/cmTC_2f798.dir/CheckFunctionExists.c.o
/usr/bin/cc   -DCHECK_FUNCTION_EXISTS=pthread_create   -o CMakeFiles/cmTC_2f798.dir/CheckFunctionExists.c.o   -c /usr/share/cmake-3.10/Modules/CheckFunctionExists.c
Linking C executable cmTC_2f798
/usr/bin/cmake -E cmake_link_script CMakeFiles/cmTC_2f798.dir/link.txt --verbose=1
/usr/bin/cc  -DCHECK_FUNCTION_EXISTS=pthread_create    -rdynamic CMakeFiles/cmTC_2f798.dir/CheckFunctionExists.c.o  -o cmTC_2f798 -lpthreads 
/usr/bin/ld: 找不到 -lpthreads
collect2: error: ld returned 1 exit status
CMakeFiles/cmTC_2f798.dir/build.make:97: recipe for target 'cmTC_2f798' failed
make[1]: *** [cmTC_2f798] Error 1
make[1]: 离开目录“/home/robot/test_ws/build/CMakeFiles/CMakeTmp”
Makefile:126: recipe for target 'cmTC_2f798/fast' failed
make: *** [cmTC_2f798/fast] Error 2


